

Starting up. 17:05.41
---------------------

ADMIN: Loading jobban_rank
ADMIN: jobban_keylist was empty
ADMIN: Updating jobbanfile!
ADMIN: Loading goon_keylist
ADMIN: Loading Banlist
ACCESS: Login: RepresentativeTreat/(RepresentativeTreat) from 127.0.0.1
ACCESS: Logout: RepresentativeTreat/(RepresentativeTreat)


Starting up. 17:06.28
---------------------

ADMIN: Loading jobban_rank
ADMIN: jobban_keylist was empty
ADMIN: Updating jobbanfile!
ADMIN: Loading goon_keylist
ADMIN: Loading Banlist
ACCESS: Login: RepresentativeTreat/(RepresentativeTreat) from 127.0.0.1
OOC: RepresentativeTreat/RepresentativeTreat : ye
ACCESS: Logout: RepresentativeTreat/(RepresentativeTreat)


Starting up. 17:07.25
---------------------

ADMIN: Loading jobban_rank
ADMIN: jobban_keylist was empty
ADMIN: Updating jobbanfile!
ADMIN: Loading goon_keylist
ADMIN: Loading Banlist
ACCESS: Login: RepresentativeTreat/(RepresentativeTreat) from 127.0.0.1
ACCESS: Logout: RepresentativeTreat/(RepresentativeTreat)
ACCESS: Login: RepresentativeTreat/(RepresentativeTreat) from 127.0.0.1
ACCESS: Logout: RepresentativeTreat/(RepresentativeTreat)


Starting up. 17:13.18
---------------------

ADMIN: Loading jobban_rank
ADMIN: jobban_keylist was empty
ADMIN: Updating jobbanfile!
ADMIN: Loading goon_keylist
ADMIN: Loading Banlist
ACCESS: Login: RepresentativeTreat/(RepresentativeTreat) from 127.0.0.1
OOC: RepresentativeTreat/RepresentativeTreat : sfsf
ACCESS: Logout: *no client*/(RepresentativeTreat)
ACCESS: Login: RepresentativeTreat/(Brayden Best) from 127.0.0.1
SAY: Brayden Best/RepresentativeTreat : *poo
SAY: Brayden Best/RepresentativeTreat : *help
SAY: Brayden Best/RepresentativeTreat : *fart
ACCESS: Logout: RepresentativeTreat/(Brayden Best)


Starting up. 17:18.04
---------------------

ADMIN: Loading jobban_rank
ADMIN: jobban_keylist was empty
ADMIN: Updating jobbanfile!
ADMIN: Loading goon_keylist
ADMIN: Loading Banlist
ACCESS: Login: RepresentativeTreat/(RepresentativeTreat) from 127.0.0.1
ACCESS: Logout: *no client*/(RepresentativeTreat)
ACCESS: Login: RepresentativeTreat/(Casimir Harrow) from 127.0.0.1
ACCESS: Logout: RepresentativeTreat/(Casimir Harrow)


Starting up. 17:22.01
---------------------

ADMIN: Loading jobban_rank
ADMIN: jobban_keylist was empty
ADMIN: Updating jobbanfile!
ADMIN: Loading goon_keylist
ADMIN: Loading Banlist
ACCESS: Login: RepresentativeTreat/(RepresentativeTreat) from 127.0.0.1
ACCESS: Logout: *no client*/(RepresentativeTreat)
ACCESS: Login: RepresentativeTreat/(Parker Taylor) from 127.0.0.1
ACCESS: Logout: RepresentativeTreat/(Parker Taylor)


Starting up. 17:28.31
---------------------

ADMIN: Loading jobban_rank
ADMIN: jobban_keylist was empty
ADMIN: Updating jobbanfile!
ADMIN: Loading goon_keylist
ADMIN: Loading Banlist
ACCESS: Login: RepresentativeTreat/(RepresentativeTreat) from 127.0.0.1
ACCESS: Logout: *no client*/(RepresentativeTreat)
ACCESS: Login: RepresentativeTreat/(Phillip Trovato) from 127.0.0.1
ACCESS: Logout: RepresentativeTreat/(Phillip Trovato)
