

Starting up. 18:15.21
---------------------

ADMIN: Loading jobban_rank
ADMIN: jobban_keylist was empty
ADMIN: Updating jobbanfile!
ADMIN: Loading goon_keylist
ADMIN: Loading Banlist
ACCESS: Login: RepresentativeTreat/(RepresentativeTreat) from 127.0.0.1
ACCESS: Logout: *no client*/(RepresentativeTreat)
ACCESS: Login: RepresentativeTreat/(Edward Davies) from 127.0.0.1
ACCESS: Logout: RepresentativeTreat/(Edward Davies)


Starting up. 18:18.09
---------------------

ADMIN: Loading jobban_rank
ADMIN: jobban_keylist was empty
ADMIN: Updating jobbanfile!
ADMIN: Loading goon_keylist
ADMIN: Loading Banlist
ACCESS: Login: RepresentativeTreat/(RepresentativeTreat) from 127.0.0.1
ACCESS: Logout: RepresentativeTreat/(RepresentativeTreat)


Starting up. 18:21.40
---------------------

ADMIN: Loading jobban_rank
ADMIN: jobban_keylist was empty
ADMIN: Updating jobbanfile!
ADMIN: Loading goon_keylist
ADMIN: Loading Banlist
ACCESS: Login: RepresentativeTreat/(RepresentativeTreat) from 127.0.0.1
ACCESS: Logout: RepresentativeTreat/(RepresentativeTreat)
ACCESS: Login: RepresentativeTreat/(RepresentativeTreat) from 127.0.0.1
ACCESS: Logout: *no client*/(RepresentativeTreat)
ACCESS: Login: RepresentativeTreat/(Malachi Unk) from 127.0.0.1
ACCESS: Logout: RepresentativeTreat/(Malachi Unk)


Starting up. 18:31.50
---------------------

ADMIN: Loading jobban_rank
ADMIN: jobban_keylist was empty
ADMIN: Updating jobbanfile!
ADMIN: Loading goon_keylist
ADMIN: Loading Banlist
ACCESS: Login: RepresentativeTreat/(RepresentativeTreat) from 127.0.0.1
ACCESS: Logout: *no client*/(RepresentativeTreat)
ACCESS: Login: RepresentativeTreat/(Maximilian White) from 127.0.0.1
ACCESS: Logout: RepresentativeTreat/(Maximilian White)


Starting up. 18:33.51
---------------------

ADMIN: Loading jobban_rank
ADMIN: jobban_keylist was empty
ADMIN: Updating jobbanfile!
ADMIN: Loading goon_keylist
ADMIN: Loading Banlist
ACCESS: Login: RepresentativeTreat/(RepresentativeTreat) from 127.0.0.1
ACCESS: Logout: *no client*/(RepresentativeTreat)
ACCESS: Login: RepresentativeTreat/(Art Hutton) from 127.0.0.1
ACCESS: Logout: RepresentativeTreat/(Art Hutton)


Starting up. 18:35.52
---------------------

ADMIN: Loading jobban_rank
ADMIN: jobban_keylist was empty
ADMIN: Updating jobbanfile!
ADMIN: Loading goon_keylist
ADMIN: Loading Banlist
ACCESS: Login: RepresentativeTreat/(RepresentativeTreat) from 127.0.0.1
ACCESS: Logout: *no client*/(RepresentativeTreat)
ACCESS: Login: RepresentativeTreat/(Mitchell Fields) from 127.0.0.1
ACCESS: Logout: RepresentativeTreat/(Mitchell Fields)


Starting up. 18:37.53
---------------------

ADMIN: Loading jobban_rank
ADMIN: jobban_keylist was empty
ADMIN: Updating jobbanfile!
ADMIN: Loading goon_keylist
ADMIN: Loading Banlist
ACCESS: Login: RepresentativeTreat/(RepresentativeTreat) from 127.0.0.1
ACCESS: Logout: *no client*/(RepresentativeTreat)
ACCESS: Login: RepresentativeTreat/(Isaac Sheets) from 127.0.0.1
ACCESS: Logout: RepresentativeTreat/(Isaac Sheets)


Starting up. 18:42.35
---------------------

ADMIN: Loading jobban_rank
ADMIN: jobban_keylist was empty
ADMIN: Updating jobbanfile!
ADMIN: Loading goon_keylist
ADMIN: Loading Banlist
ACCESS: Login: RepresentativeTreat/(RepresentativeTreat) from 127.0.0.1
ACCESS: Logout: *no client*/(RepresentativeTreat)
ACCESS: Login: RepresentativeTreat/(Braydon Richter) from 127.0.0.1
ACCESS: Logout: RepresentativeTreat/(Braydon Richter)
